{"C:\\Users\\yylinares\\Downloads\\reto-indra-master\\reto-indra-master\\api\\films.js": {"path":"C:\\Users\\yylinares\\Downloads\\reto-indra-master\\reto-indra-master\\api\\films.js","statementMap":{"0":{"start":{"line":2,"column":22},"end":{"line":2,"column":59}},"1":{"start":{"line":3,"column":23},"end":{"line":3,"column":38}},"2":{"start":{"line":4,"column":14},"end":{"line":4,"column":50}},"3":{"start":{"line":5,"column":23},"end":{"line":5,"column":60}},"4":{"start":{"line":7,"column":12},"end":{"line":7,"column":26}},"5":{"start":{"line":8,"column":12},"end":{"line":8,"column":21}},"6":{"start":{"line":10,"column":0},"end":{"line":15,"column":3}},"7":{"start":{"line":11,"column":2},"end":{"line":13,"column":3}},"8":{"start":{"line":12,"column":4},"end":{"line":12,"column":50}},"9":{"start":{"line":14,"column":2},"end":{"line":14,"column":44}},"10":{"start":{"line":17,"column":15},"end":{"line":50,"column":1}},"11":{"start":{"line":52,"column":0},"end":{"line":75,"column":2}},"12":{"start":{"line":54,"column":4},"end":{"line":56,"column":10}},"13":{"start":{"line":58,"column":4},"end":{"line":58,"column":67}},"14":{"start":{"line":60,"column":15},"end":{"line":62,"column":3}},"15":{"start":{"line":63,"column":2},"end":{"line":71,"column":3}},"16":{"start":{"line":64,"column":26},"end":{"line":64,"column":28}},"17":{"start":{"line":65,"column":4},"end":{"line":65,"column":77}},"18":{"start":{"line":65,"column":39},"end":{"line":65,"column":77}},"19":{"start":{"line":66,"column":4},"end":{"line":66,"column":59}},"20":{"start":{"line":68,"column":4},"end":{"line":70,"column":6}},"21":{"start":{"line":73,"column":2},"end":{"line":73,"column":36}},"22":{"start":{"line":77,"column":0},"end":{"line":94,"column":2}},"23":{"start":{"line":78,"column":2},"end":{"line":93,"column":7}},"24":{"start":{"line":81,"column":6},"end":{"line":84,"column":8}},"25":{"start":{"line":87,"column":6},"end":{"line":92,"column":8}},"26":{"start":{"line":96,"column":0},"end":{"line":116,"column":2}},"27":{"start":{"line":97,"column":15},"end":{"line":97,"column":37}},"28":{"start":{"line":98,"column":2},"end":{"line":98,"column":21}},"29":{"start":{"line":99,"column":2},"end":{"line":99,"column":43}},"30":{"start":{"line":100,"column":2},"end":{"line":100,"column":42}},"31":{"start":{"line":102,"column":16},"end":{"line":102,"column":42}},"32":{"start":{"line":104,"column":2},"end":{"line":108,"column":6}},"33":{"start":{"line":105,"column":4},"end":{"line":108,"column":6}},"34":{"start":{"line":110,"column":20},"end":{"line":113,"column":3}},"35":{"start":{"line":115,"column":2},"end":{"line":115,"column":48}},"36":{"start":{"line":118,"column":0},"end":{"line":123,"column":2}},"37":{"start":{"line":119,"column":2},"end":{"line":122,"column":4}}},"fnMap":{"0":{"name":"(anonymous_0)","decl":{"start":{"line":10,"column":27},"end":{"line":10,"column":28}},"loc":{"start":{"line":10,"column":53},"end":{"line":15,"column":1}},"line":10},"1":{"name":"(anonymous_1)","decl":{"start":{"line":52,"column":23},"end":{"line":52,"column":24}},"loc":{"start":{"line":52,"column":40},"end":{"line":75,"column":1}},"line":52},"2":{"name":"(anonymous_2)","decl":{"start":{"line":77,"column":20},"end":{"line":77,"column":21}},"loc":{"start":{"line":77,"column":37},"end":{"line":94,"column":1}},"line":77},"3":{"name":"(anonymous_3)","decl":{"start":{"line":80,"column":10},"end":{"line":80,"column":11}},"loc":{"start":{"line":80,"column":22},"end":{"line":85,"column":5}},"line":80},"4":{"name":"(anonymous_4)","decl":{"start":{"line":86,"column":11},"end":{"line":86,"column":12}},"loc":{"start":{"line":86,"column":22},"end":{"line":93,"column":5}},"line":86},"5":{"name":"(anonymous_5)","decl":{"start":{"line":96,"column":24},"end":{"line":96,"column":25}},"loc":{"start":{"line":96,"column":41},"end":{"line":116,"column":1}},"line":96},"6":{"name":"(anonymous_6)","decl":{"start":{"line":118,"column":24},"end":{"line":118,"column":25}},"loc":{"start":{"line":118,"column":36},"end":{"line":123,"column":1}},"line":118}},"branchMap":{"0":{"loc":{"start":{"line":11,"column":2},"end":{"line":13,"column":3}},"type":"if","locations":[{"start":{"line":11,"column":2},"end":{"line":13,"column":3}},{"start":{},"end":{}}],"line":11},"1":{"loc":{"start":{"line":54,"column":4},"end":{"line":56,"column":10}},"type":"cond-expr","locations":[{"start":{"line":55,"column":8},"end":{"line":55,"column":35}},{"start":{"line":56,"column":8},"end":{"line":56,"column":10}}],"line":54},"2":{"loc":{"start":{"line":58,"column":4},"end":{"line":58,"column":67}},"type":"cond-expr","locations":[{"start":{"line":58,"column":50},"end":{"line":58,"column":62}},{"start":{"line":58,"column":65},"end":{"line":58,"column":67}}],"line":58},"3":{"loc":{"start":{"line":58,"column":4},"end":{"line":58,"column":47}},"type":"binary-expr","locations":[{"start":{"line":58,"column":4},"end":{"line":58,"column":9}},{"start":{"line":58,"column":13},"end":{"line":58,"column":47}}],"line":58},"4":{"loc":{"start":{"line":63,"column":2},"end":{"line":71,"column":3}},"type":"if","locations":[{"start":{"line":63,"column":2},"end":{"line":71,"column":3}},{"start":{},"end":{}}],"line":63},"5":{"loc":{"start":{"line":104,"column":2},"end":{"line":108,"column":6}},"type":"if","locations":[{"start":{"line":104,"column":2},"end":{"line":108,"column":6}},{"start":{},"end":{}}],"line":104}},"s":{"0":1,"1":1,"2":1,"3":1,"4":1,"5":1,"6":1,"7":0,"8":0,"9":0,"10":1,"11":1,"12":0,"13":0,"14":0,"15":0,"16":0,"17":0,"18":0,"19":0,"20":0,"21":0,"22":1,"23":2,"24":2,"25":0,"26":1,"27":0,"28":0,"29":0,"30":0,"31":0,"32":0,"33":0,"34":0,"35":0,"36":1,"37":0},"f":{"0":0,"1":0,"2":2,"3":2,"4":0,"5":0,"6":0},"b":{"0":[0,0],"1":[0,0],"2":[0,0],"3":[0,0],"4":[0,0],"5":[0,0]},"_coverageSchema":"1a1c01bbd47fc00a2c39e90264f33305004495a9","hash":"e05d38ed7085d6ceb2032a66c1e7f585848f4798"}
,"C:\\Users\\yylinares\\Downloads\\reto-indra-master\\reto-indra-master\\helper\\mapping.js": {"path":"C:\\Users\\yylinares\\Downloads\\reto-indra-master\\reto-indra-master\\helper\\mapping.js","statementMap":{"0":{"start":{"line":3,"column":19},"end":{"line":28,"column":3}},"1":{"start":{"line":30,"column":0},"end":{"line":38,"column":2}},"2":{"start":{"line":31,"column":2},"end":{"line":37,"column":4}},"3":{"start":{"line":32,"column":28},"end":{"line":35,"column":5}}},"fnMap":{"0":{"name":"(anonymous_0)","decl":{"start":{"line":30,"column":27},"end":{"line":30,"column":28}},"loc":{"start":{"line":30,"column":37},"end":{"line":38,"column":1}},"line":30},"1":{"name":"(anonymous_1)","decl":{"start":{"line":32,"column":4},"end":{"line":32,"column":5}},"loc":{"start":{"line":32,"column":28},"end":{"line":35,"column":5}},"line":32}},"branchMap":{},"s":{"0":1,"1":1,"2":2,"3":28},"f":{"0":2,"1":28},"b":{},"_coverageSchema":"1a1c01bbd47fc00a2c39e90264f33305004495a9","hash":"ffae0854dfb7b2427e8b4e9b5cef7dab38edd3aa"}
,"C:\\Users\\yylinares\\Downloads\\reto-indra-master\\reto-indra-master\\responses\\swapiResponse.js": {"path":"C:\\Users\\yylinares\\Downloads\\reto-indra-master\\reto-indra-master\\responses\\swapiResponse.js","statementMap":{"0":{"start":{"line":3,"column":0},"end":{"line":5,"column":2}},"1":{"start":{"line":4,"column":4},"end":{"line":4,"column":36}}},"fnMap":{"0":{"name":"(anonymous_0)","decl":{"start":{"line":3,"column":26},"end":{"line":3,"column":27}},"loc":{"start":{"line":3,"column":40},"end":{"line":5,"column":1}},"line":3}},"branchMap":{},"s":{"0":1,"1":2},"f":{"0":2},"b":{},"_coverageSchema":"1a1c01bbd47fc00a2c39e90264f33305004495a9","hash":"56b96934427cf998ae8ed16b81a9b21589bd77f7"}
,"C:\\Users\\yylinares\\Downloads\\reto-indra-master\\reto-indra-master\\services\\dynamoServices.js": {"path":"C:\\Users\\yylinares\\Downloads\\reto-indra-master\\reto-indra-master\\services\\dynamoServices.js","statementMap":{"0":{"start":{"line":2,"column":22},"end":{"line":2,"column":59}},"1":{"start":{"line":3,"column":12},"end":{"line":3,"column":30}},"2":{"start":{"line":4,"column":0},"end":{"line":4,"column":54}},"3":{"start":{"line":6,"column":17},"end":{"line":6,"column":50}},"4":{"start":{"line":8,"column":0},"end":{"line":33,"column":2}},"5":{"start":{"line":10,"column":2},"end":{"line":32,"column":7}},"6":{"start":{"line":14,"column":6},"end":{"line":19,"column":8}},"7":{"start":{"line":22,"column":6},"end":{"line":31,"column":8}},"8":{"start":{"line":35,"column":0},"end":{"line":44,"column":2}},"9":{"start":{"line":36,"column":2},"end":{"line":39,"column":24}},"10":{"start":{"line":40,"column":2},"end":{"line":43,"column":4}}},"fnMap":{"0":{"name":"(anonymous_0)","decl":{"start":{"line":8,"column":22},"end":{"line":8,"column":23}},"loc":{"start":{"line":8,"column":40},"end":{"line":33,"column":1}},"line":8},"1":{"name":"(anonymous_1)","decl":{"start":{"line":13,"column":10},"end":{"line":13,"column":11}},"loc":{"start":{"line":13,"column":22},"end":{"line":20,"column":5}},"line":13},"2":{"name":"(anonymous_2)","decl":{"start":{"line":21,"column":11},"end":{"line":21,"column":12}},"loc":{"start":{"line":21,"column":20},"end":{"line":32,"column":5}},"line":21},"3":{"name":"(anonymous_3)","decl":{"start":{"line":35,"column":24},"end":{"line":35,"column":25}},"loc":{"start":{"line":35,"column":51},"end":{"line":44,"column":1}},"line":35},"4":{"name":"(anonymous_4)","decl":{"start":{"line":39,"column":10},"end":{"line":39,"column":11}},"loc":{"start":{"line":39,"column":19},"end":{"line":39,"column":22}},"line":39}},"branchMap":{},"s":{"0":1,"1":1,"2":1,"3":1,"4":1,"5":0,"6":0,"7":0,"8":1,"9":0,"10":0},"f":{"0":0,"1":0,"2":0,"3":0,"4":0},"b":{},"_coverageSchema":"1a1c01bbd47fc00a2c39e90264f33305004495a9","hash":"116db91d69183b671c0840302da1009414bf082c"}
,"C:\\Users\\yylinares\\Downloads\\reto-indra-master\\reto-indra-master\\services\\swapiServices.js": {"path":"C:\\Users\\yylinares\\Downloads\\reto-indra-master\\reto-indra-master\\services\\swapiServices.js","statementMap":{"0":{"start":{"line":1,"column":14},"end":{"line":1,"column":30}},"1":{"start":{"line":2,"column":15},"end":{"line":2,"column":43}},"2":{"start":{"line":3,"column":12},"end":{"line":3,"column":36}},"3":{"start":{"line":5,"column":0},"end":{"line":15,"column":2}},"4":{"start":{"line":6,"column":15},"end":{"line":13,"column":6}},"5":{"start":{"line":9,"column":6},"end":{"line":9,"column":22}},"6":{"start":{"line":12,"column":6},"end":{"line":12,"column":25}},"7":{"start":{"line":14,"column":2},"end":{"line":14,"column":32}},"8":{"start":{"line":17,"column":0},"end":{"line":27,"column":2}},"9":{"start":{"line":18,"column":15},"end":{"line":25,"column":6}},"10":{"start":{"line":21,"column":6},"end":{"line":21,"column":22}},"11":{"start":{"line":24,"column":6},"end":{"line":24,"column":25}},"12":{"start":{"line":26,"column":2},"end":{"line":26,"column":32}}},"fnMap":{"0":{"name":"(anonymous_0)","decl":{"start":{"line":5,"column":27},"end":{"line":5,"column":28}},"loc":{"start":{"line":5,"column":41},"end":{"line":15,"column":1}},"line":5},"1":{"name":"(anonymous_1)","decl":{"start":{"line":8,"column":10},"end":{"line":8,"column":11}},"loc":{"start":{"line":8,"column":19},"end":{"line":10,"column":5}},"line":8},"2":{"name":"(anonymous_2)","decl":{"start":{"line":11,"column":11},"end":{"line":11,"column":12}},"loc":{"start":{"line":11,"column":22},"end":{"line":13,"column":5}},"line":11},"3":{"name":"(anonymous_3)","decl":{"start":{"line":17,"column":26},"end":{"line":17,"column":27}},"loc":{"start":{"line":17,"column":40},"end":{"line":27,"column":1}},"line":17},"4":{"name":"(anonymous_4)","decl":{"start":{"line":20,"column":10},"end":{"line":20,"column":11}},"loc":{"start":{"line":20,"column":19},"end":{"line":22,"column":5}},"line":20},"5":{"name":"(anonymous_5)","decl":{"start":{"line":23,"column":11},"end":{"line":23,"column":12}},"loc":{"start":{"line":23,"column":22},"end":{"line":25,"column":5}},"line":23}},"branchMap":{},"s":{"0":1,"1":1,"2":1,"3":1,"4":0,"5":0,"6":0,"7":0,"8":1,"9":2,"10":2,"11":0,"12":2},"f":{"0":0,"1":0,"2":0,"3":2,"4":2,"5":0},"b":{},"_coverageSchema":"1a1c01bbd47fc00a2c39e90264f33305004495a9","hash":"4d75c1331cc637a429d8a88da1c5f292f46c536f"}
}
